#
# There is insufficient memory for the Java Runtime Environment to continue.
# Native memory allocation (mmap) failed to map 134217728 bytes for G1 virtual space
# Possible reasons:
#   The system is out of physical RAM or swap space
#   The process is running with CompressedOops enabled, and the Java Heap may be blocking the growth of the native heap
# Possible solutions:
#   Reduce memory load on the system
#   Increase physical memory or swap space
#   Check if swap backing store is full
#   Decrease Java heap size (-Xmx/-Xms)
#   Decrease number of Java threads
#   Decrease Java thread stack sizes (-Xss)
#   Set larger code cache with -XX:ReservedCodeCacheSize=
#   JVM is running with Unscaled Compressed Oops mode in which the Java heap is
#     placed in the first 4GB address space. The Java Heap base address is the
#     maximum limit for the native heap growth. Please use -XX:HeapBaseMinAddress
#     to set the Java Heap base and to place the Java Heap above 4GB virtual address.
# This output file may be truncated or incomplete.
#
#  Out of Memory Error (os_windows.cpp:3753), pid=1476, tid=20764
#
# JRE version:  (17.0.4+7) (build )
# Java VM: OpenJDK 64-Bit Server VM (17.0.4+7-b469.53, mixed mode, sharing, tiered, compressed oops, compressed class ptrs, g1 gc, windows-amd64)
# No core dump will be written. Minidumps are not enabled by default on client versions of Windows
#

---------------  S U M M A R Y ------------

Command Line: git4idea.http.GitAskPassApp Username for 'https://github.com': 

Host: Intel(R) Core(TM) i5-2520M CPU @ 2.50GHz, 4 cores, 7G,  Windows 11 , 64 bit Build 22000 (10.0.22000.1880)
Time: Wed May 31 12:20:49 2023 RTZ 3 (s 11 , 64 bit Build 22000 (10.0.22000.1880) elapsed time: 0.019146 seconds (0d 0h 0m 0s)

---------------  T H R E A D  ---------------

Current thread (0x000001eb6f92eda0):  JavaThread "Unknown thread" [_thread_in_vm, id=20764, stack(0x0000002bf4b00000,0x0000002bf4c00000)]

Stack: [0x0000002bf4b00000,0x0000002bf4c00000]
Native frames: (J=compiled Java code, j=interpreted, Vv=VM code, C=native code)
V  [jvm.dll+0x68348a]
V  [jvm.dll+0x83faf4]
V  [jvm.dll+0x84129e]
V  [jvm.dll+0x841903]
V  [jvm.dll+0x2494a5]
V  [jvm.dll+0x680359]
V  [jvm.dll+0x67499a]
V  [jvm.dll+0x3092db]
V  [jvm.dll+0x310796]
V  [jvm.dll+0x36077e]
V  [jvm.dll+0x3609af]
V  [jvm.dll+0x2df3c8]
V  [jvm.dll+0x2e0334]
V  [jvm.dll+0x8112e1]
V  [jvm.dll+0x36e5d1]
V  [jvm.dll+0x7f06bc]
V  [jvm.dll+0x3f16ef]
V  [jvm.dll+0x3f3231]
C  [jli.dll+0x526b]
C  [ucrtbase.dll+0x26c0c]
C  [KERNEL32.DLL+0x155a0]
C  [ntdll.dll+0x485b]


---------------  P R O C E S S  ---------------

Threads class SMR info:
_java_thread_list=0x00007ffb02fe7f18, length=0, elements={
}

Java Threads: ( => current thread )

Other Threads:
  0x000001eb6f987710 GCTaskThread "GC Thread#0" [stack: 0x0000002bf4c00000,0x0000002bf4d00000] [id=17812]
  0x000001eb77b6be60 ConcurrentGCThread "G1 Main Marker" [stack: 0x0000002bf4d00000,0x0000002bf4e00000] [id=21088]
  0x000001eb6f98e160 ConcurrentGCThread "G1 Conc#0" [stack: 0x0000002bf4e00000,0x0000002bf4f00000] [id=17984]

[error occurred during error reporting (printing all threads), id 0xc0000005, EXCEPTION_ACCESS_VIOLATION (0xc0000005) at pc=0x00007ffb0279ff87]

VM state: not at safepoint (not fully initialized)

VM Mutex/Monitor currently owned by a thread:  ([mutex/lock_event])
[0x000001eb6f92ad80] Heap_lock - owner thread: 0x000001eb6f92eda0

Heap address: 0x0000000081800000, size: 2024 MB, Compressed Oops mode: 32-bit

CDS archive(s) mapped at: [0x0000000000000000-0x0000000000000000-0x0000000000000000), size 0, SharedBaseAddress: 0x0000000800000000, ArchiveRelocationMode: 0.
Narrow klass base: 0x0000000000000000, Narrow klass shift: 0, Narrow klass range: 0x0

GC Precious Log:
<Empty>

Heap:
 garbage-first heap   total 0K, used 0K [0x0000000081800000, 0x0000000100000000)
  region size 1024K, 0 young (0K), 0 survivors (0K)

[error occurred during error reporting (printing heap information), id 0xc0000005, EXCEPTION_ACCESS_VIOLATION (0xc0000005) at pc=0x00007ffb02b8d119]

GC Heap History (0 events):
No events

Deoptimization events (0 events):
No events

Classes unloaded (0 events):
No events

Classes redefined (0 events):
No events

Internal exceptions (0 events):
No events

VM Operations (0 events):
No events

Events (1 events):
Event: 0.013 Loaded shared library D:\Program Files\JetBrains\IntelliJ IDEA 2022.2.2\jbr\bin\java.dll


Dynamic libraries:
0x00007ff7734a0000 - 0x00007ff7734aa000 	D:\Program Files\JetBrains\IntelliJ IDEA 2022.2.2\jbr\bin\java.exe
0x00007ffb730a0000 - 0x00007ffb732a9000 	C:\Windows\SYSTEM32\ntdll.dll
0x00007ffb71d90000 - 0x00007ffb71e4e000 	C:\Windows\System32\KERNEL32.DLL
0x00007ffb70880000 - 0x00007ffb70c04000 	C:\Windows\System32\KERNELBASE.dll
0x00007ffb70c10000 - 0x00007ffb70d21000 	C:\Windows\System32\ucrtbase.dll
0x00007ffb5d880000 - 0x00007ffb5d897000 	D:\Program Files\JetBrains\IntelliJ IDEA 2022.2.2\jbr\bin\jli.dll
0x00007ffb71960000 - 0x00007ffb71b0d000 	C:\Windows\System32\USER32.dll
0x00007ffb70850000 - 0x00007ffb70876000 	C:\Windows\System32\win32u.dll
0x00007ffb71d60000 - 0x00007ffb71d8a000 	C:\Windows\System32\GDI32.dll
0x00007ffb70730000 - 0x00007ffb7084f000 	C:\Windows\System32\gdi32full.dll
0x00007ffb70690000 - 0x00007ffb7072d000 	C:\Windows\System32\msvcp_win.dll
0x00007ffb57f90000 - 0x00007ffb57fab000 	D:\Program Files\JetBrains\IntelliJ IDEA 2022.2.2\jbr\bin\VCRUNTIME140.dll
0x00007ffb5b040000 - 0x00007ffb5b2e5000 	C:\Windows\WinSxS\amd64_microsoft.windows.common-controls_6595b64144ccf1df_6.0.22000.120_none_9d947278b86cc467\COMCTL32.dll
0x00007ffb71b10000 - 0x00007ffb71bb3000 	C:\Windows\System32\msvcrt.dll
0x00007ffb71840000 - 0x00007ffb71871000 	C:\Windows\System32\IMM32.DLL
0x00007ffb26790000 - 0x00007ffb267bd000 	C:\Program Files\MacType\MacType64.dll
0x00007ffb71bd0000 - 0x00007ffb71c7f000 	C:\Windows\System32\ADVAPI32.dll
0x00007ffb71420000 - 0x00007ffb714be000 	C:\Windows\System32\sechost.dll
0x00007ffb72670000 - 0x00007ffb72791000 	C:\Windows\System32\RPCRT4.dll
0x00007ffb267c0000 - 0x00007ffb2681a000 	C:\Program Files\MacType\Easyhk64.dll
0x00007ffb26680000 - 0x00007ffb2678b000 	C:\Program Files\MacType\MacType64.Core.dll
0x00007ffb6c4d0000 - 0x00007ffb6ca88000 	C:\Windows\SYSTEM32\d2d1.dll
0x00007ffb61060000 - 0x00007ffb612bf000 	C:\Windows\SYSTEM32\dwrite.dll
0x000001eb6ebf0000 - 0x000001eb6ec6f000 	C:\Windows\System32\bcryptPrimitives.dll
0x00007ffb653c0000 - 0x00007ffb653cc000 	D:\Program Files\JetBrains\IntelliJ IDEA 2022.2.2\jbr\bin\vcruntime140_1.dll
0x00007ffb40100000 - 0x00007ffb4018d000 	D:\Program Files\JetBrains\IntelliJ IDEA 2022.2.2\jbr\bin\msvcp140.dll
0x00007ffb024b0000 - 0x00007ffb03119000 	D:\Program Files\JetBrains\IntelliJ IDEA 2022.2.2\jbr\bin\server\jvm.dll
0x00007ffb71410000 - 0x00007ffb71418000 	C:\Windows\System32\PSAPI.DLL
0x00007ffb6cae0000 - 0x00007ffb6cae9000 	C:\Windows\SYSTEM32\WSOCK32.dll
0x00007ffb721d0000 - 0x00007ffb7223f000 	C:\Windows\System32\WS2_32.dll
0x00007ffb68cd0000 - 0x00007ffb68d03000 	C:\Windows\SYSTEM32\WINMM.dll
0x00007ffb68810000 - 0x00007ffb6881a000 	C:\Windows\SYSTEM32\VERSION.dll
0x00007ffb6f6c0000 - 0x00007ffb6f6d8000 	C:\Windows\SYSTEM32\kernel.appcore.dll
0x00007ffb6da00000 - 0x00007ffb6da0a000 	D:\Program Files\JetBrains\IntelliJ IDEA 2022.2.2\jbr\bin\jimage.dll
0x00007ffb66460000 - 0x00007ffb66681000 	C:\Windows\SYSTEM32\DBGHELP.DLL
0x00007ffb66210000 - 0x00007ffb66241000 	C:\Windows\SYSTEM32\dbgcore.DLL
0x00007ffb6d3b0000 - 0x00007ffb6d3d5000 	D:\Program Files\JetBrains\IntelliJ IDEA 2022.2.2\jbr\bin\java.dll

dbghelp: loaded successfully - version: 4.0.5 - missing functions: none
symbol engine: initialized successfully - sym options: 0x614 - pdb path: .;D:\Program Files\JetBrains\IntelliJ IDEA 2022.2.2\jbr\bin;C:\Windows\SYSTEM32;C:\Windows\WinSxS\amd64_microsoft.windows.common-controls_6595b64144ccf1df_6.0.22000.120_none_9d947278b86cc467;C:\Program Files\MacType;D:\Program Files\JetBrains\IntelliJ IDEA 2022.2.2\jbr\bin\server

VM Arguments:
java_command: git4idea.http.GitAskPassApp Username for 'https://github.com': 
java_class_path (initial): D:/Program Files/JetBrains/IntelliJ IDEA 2022.2.2/plugins/git4idea/lib/git4idea-rt.jar;D:/Program Files/JetBrains/IntelliJ IDEA 2022.2.2/lib/externalProcess-rt.jar;D:/Program Files/JetBrains/IntelliJ IDEA 2022.2.2/lib/app.jar;D:/Program Files/JetBrains/IntelliJ IDEA 2022.2.2/lib/3rd-party-rt.jar
Launcher Type: SUN_STANDARD

[Global flags]
     intx CICompilerCount                          = 3                                         {product} {ergonomic}
     uint ConcGCThreads                            = 1                                         {product} {ergonomic}
     uint G1ConcRefinementThreads                  = 4                                         {product} {ergonomic}
   size_t G1HeapRegionSize                         = 1048576                                   {product} {ergonomic}
    uintx GCDrainStackTargetSize                   = 64                                        {product} {ergonomic}
   size_t InitialHeapSize                          = 134217728                                 {product} {ergonomic}
   size_t MarkStackSize                            = 4194304                                   {product} {ergonomic}
   size_t MaxHeapSize                              = 2122317824                                {product} {ergonomic}
   size_t MinHeapDeltaBytes                        = 1048576                                   {product} {ergonomic}
   size_t MinHeapSize                              = 8388608                                   {product} {ergonomic}
    uintx NonNMethodCodeHeapSize                   = 5832780                                {pd product} {ergonomic}
    uintx NonProfiledCodeHeapSize                  = 122912730                              {pd product} {ergonomic}
    uintx ProfiledCodeHeapSize                     = 122912730                              {pd product} {ergonomic}
    uintx ReservedCodeCacheSize                    = 251658240                              {pd product} {ergonomic}
     bool SegmentedCodeCache                       = true                                      {product} {ergonomic}
   size_t SoftMaxHeapSize                          = 2122317824                             {manageable} {ergonomic}
     bool UseCompressedClassPointers               = true                           {product lp64_product} {ergonomic}
     bool UseCompressedOops                        = true                           {product lp64_product} {ergonomic}
     bool UseG1GC                                  = true                                      {product} {ergonomic}
     bool UseLargePagesIndividualAllocation        = false                                  {pd product} {ergonomic}

Logging:
Log output configuration:
 #0: stdout all=warning uptime,level,tags
 #1: stderr all=off uptime,level,tags

Environment Variables:
PATH=C:/Program Files/Git/mingw64/libexec/git-core;C:/Program Files/Git/mingw64/libexec/git-core;C:\Program Files\Git\mingw64\bin;C:\Program Files\Git\usr\bin;C:\Users\Dmitr\bin;C:\Program Files\Common Files\Oracle\Java\javapath;C:\Program Files (x86)\NVIDIA Corporation\PhysX\Common;C:\Windows\system32;C:\Windows;C:\Windows\System32\Wbem;C:\Windows\System32\WindowsPowerShell\v1.0\;C:\Windows\System32\OpenSSH\;C:\Program Files\PuTTY\;C:\Program Files\dotnet\;D:\Program Files\nodejs\;C:\Users\Dmitr\AppData\Local\Microsoft\WindowsApps;C:\Users\Dmitr\AppData\Roaming\npm;C:\Users\Dmitr\AppData\Local\Programs\Microsoft VS Code\bin
USERNAME=Dmitr
DISPLAY=:0.0
LC_ALL=en_US.UTF-8
TERM=xterm-256color
TMPDIR=C:\Users\Dmitr\AppData\Local\Temp
OS=Windows_NT
PROCESSOR_IDENTIFIER=Intel64 Family 6 Model 42 Stepping 7, GenuineIntel
TMP=C:\Users\Dmitr\AppData\Local\Temp
TEMP=C:\Users\Dmitr\AppData\Local\Temp



---------------  S Y S T E M  ---------------

OS:
 Windows 11 , 64 bit Build 22000 (10.0.22000.1880)
OS uptime: 3 days 6:35 hours

CPU: total 4 (initial active 4) (2 cores per cpu, 2 threads per core) family 6 model 42 stepping 7 microcode 0x2f, cx8, cmov, fxsr, ht, mmx, sse, sse2, sse3, ssse3, sse4.1, sse4.2, popcnt, tsc, tscinvbit, avx, aes, clmul, vzeroupper, clflush

Memory: 4k page, system-wide physical 8093M (419M free)
TotalPageFile size 16285M (AvailPageFile size 131M)
current process WorkingSet (physical memory assigned to process): 12M, peak: 12M
current process commit charge ("private bytes"): 54M, peak: 181M

vm_info: OpenJDK 64-Bit Server VM (17.0.4+7-b469.53) for windows-amd64 JRE (17.0.4+7-b469.53), built on 2022-08-29 by "builduser" with MS VC++ 16.10 / 16.11 (VS2019)

END.
