#
# There is insufficient memory for the Java Runtime Environment to continue.
# Native memory allocation (mmap) failed to map 27262976 bytes for G1 virtual space
# Possible reasons:
#   The system is out of physical RAM or swap space
#   The process is running with CompressedOops enabled, and the Java Heap may be blocking the growth of the native heap
# Possible solutions:
#   Reduce memory load on the system
#   Increase physical memory or swap space
#   Check if swap backing store is full
#   Decrease Java heap size (-Xmx/-Xms)
#   Decrease number of Java threads
#   Decrease Java thread stack sizes (-Xss)
#   Set larger code cache with -XX:ReservedCodeCacheSize=
#   JVM is running with Unscaled Compressed Oops mode in which the Java heap is
#     placed in the first 4GB address space. The Java Heap base address is the
#     maximum limit for the native heap growth. Please use -XX:HeapBaseMinAddress
#     to set the Java Heap base and to place the Java Heap above 4GB virtual address.
# This output file may be truncated or incomplete.
#
#  Out of Memory Error (os_windows.cpp:3535), pid=16604, tid=13212
#
# JRE version: Java(TM) SE Runtime Environment (17.0.4.1+1) (build 17.0.4.1+1-LTS-2)
# Java VM: Java HotSpot(TM) 64-Bit Server VM (17.0.4.1+1-LTS-2, mixed mode, emulated-client, sharing, tiered, compressed oops, compressed class ptrs, g1 gc, windows-amd64)
# No core dump will be written. Minidumps are not enabled by default on client versions of Windows
#

---------------  S U M M A R Y ------------

Command Line: -javaagent:C:\Users\Dmitr\AppData\Local\JetBrains\IntelliJIdea2022.2\testAgent\intellij-coverage-agent-1.0.673.jar=C:\Users\Dmitr\AppData\Local\Temp\coverage1args -Didea.new.sampling.coverage=true -Dcoverage.ignore.private.constructor.util.class=true -XX:TieredStopAtLevel=1 -Dspring.output.ansi.enabled=always -Dcom.sun.management.jmxremote -Dspring.jmx.enabled=true -Dspring.liveBeansView.mbeanDomain -Dspring.application.admin.enabled=true -javaagent:D:\Program Files\JetBrains\IntelliJ IDEA 2022.2.2\lib\idea_rt.jar=51658:D:\Program Files\JetBrains\IntelliJ IDEA 2022.2.2\bin -Dfile.encoding=UTF-8 com.example.springsecurityapplication.SpringSecurityApplication

Host: Intel(R) Core(TM) i5-2520M CPU @ 2.50GHz, 4 cores, 7G,  Windows 11 , 64 bit Build 22000 (10.0.22000.1880)
Time: Wed May 31 14:35:30 2023 RTZ 3 (s 11 , 64 bit Build 22000 (10.0.22000.1880) elapsed time: 6.089558 seconds (0d 0h 0m 6s)

---------------  T H R E A D  ---------------

Current thread (0x000001e89f56dbf0):  VMThread "VM Thread" [stack: 0x000000a9a0000000,0x000000a9a0100000] [id=13212]

Stack: [0x000000a9a0000000,0x000000a9a0100000]
Native frames: (J=compiled Java code, j=interpreted, Vv=VM code, C=native code)
V  [jvm.dll+0x6723ba]
V  [jvm.dll+0x7d1e34]
V  [jvm.dll+0x7d35de]
V  [jvm.dll+0x7d3c43]
V  [jvm.dll+0x243065]
V  [jvm.dll+0x66f2d9]
V  [jvm.dll+0x663c22]
V  [jvm.dll+0x3011cb]
V  [jvm.dll+0x308766]
V  [jvm.dll+0x35846e]
V  [jvm.dll+0x35869f]
V  [jvm.dll+0x2d83e8]
V  [jvm.dll+0x2d66b4]
V  [jvm.dll+0x2d5cbc]
V  [jvm.dll+0x31972b]
V  [jvm.dll+0x7d811b]
V  [jvm.dll+0x7d8e54]
V  [jvm.dll+0x7d936c]
V  [jvm.dll+0x7d9744]
V  [jvm.dll+0x7d9810]
V  [jvm.dll+0x781fca]
V  [jvm.dll+0x671245]
C  [ucrtbase.dll+0x26c0c]
C  [KERNEL32.DLL+0x155a0]
C  [ntdll.dll+0x485b]

VM_Operation (0x000000a9a17fbca0): G1CollectForAllocation, mode: safepoint, requested by thread 0x000001e8b2ad59b0


---------------  P R O C E S S  ---------------

Threads class SMR info:
_java_thread_list=0x000001e8b4c4a6d0, length=20, elements={
0x000001e89f7a8e70, 0x000001e89f5749b0, 0x000001e89f579480, 0x000001e8b18082c0,
0x000001e8b1808b80, 0x000001e8b1809440, 0x000001e8b1809d00, 0x000001e8b180a5c0,
0x000001e8b1810400, 0x000001e8b1914080, 0x000001e8b19203a0, 0x000001e8b19208b0,
0x000001e8b1bfd750, 0x000001e8b1bfdc20, 0x000001e8b1ed0100, 0x000001e8b286bd30,
0x000001e8b289aa00, 0x000001e8b2a74240, 0x000001e8b2ad59b0, 0x000001e8b29ce6d0
}

Java Threads: ( => current thread )
  0x000001e89f7a8e70 JavaThread "main" [_thread_blocked, id=10412, stack(0x000000a99fa00000,0x000000a99fb00000)]
  0x000001e89f5749b0 JavaThread "Reference Handler" daemon [_thread_blocked, id=2696, stack(0x000000a9a0100000,0x000000a9a0200000)]
  0x000001e89f579480 JavaThread "Finalizer" daemon [_thread_blocked, id=8948, stack(0x000000a9a0200000,0x000000a9a0300000)]
  0x000001e8b18082c0 JavaThread "Signal Dispatcher" daemon [_thread_blocked, id=21144, stack(0x000000a9a0300000,0x000000a9a0400000)]
  0x000001e8b1808b80 JavaThread "Attach Listener" daemon [_thread_blocked, id=20280, stack(0x000000a9a0400000,0x000000a9a0500000)]
  0x000001e8b1809440 JavaThread "Service Thread" daemon [_thread_blocked, id=25244, stack(0x000000a9a0500000,0x000000a9a0600000)]
  0x000001e8b1809d00 JavaThread "Monitor Deflation Thread" daemon [_thread_blocked, id=13844, stack(0x000000a9a0600000,0x000000a9a0700000)]
  0x000001e8b180a5c0 JavaThread "C1 CompilerThread0" daemon [_thread_blocked, id=24672, stack(0x000000a9a0700000,0x000000a9a0800000)]
  0x000001e8b1810400 JavaThread "Sweeper thread" daemon [_thread_blocked, id=20084, stack(0x000000a9a0800000,0x000000a9a0900000)]
  0x000001e8b1914080 JavaThread "Common-Cleaner" daemon [_thread_blocked, id=19000, stack(0x000000a9a0900000,0x000000a9a0a00000)]
  0x000001e8b19203a0 JavaThread "C1 CompilerThread1" daemon [_thread_blocked, id=14556, stack(0x000000a9a0a00000,0x000000a9a0b00000)]
  0x000001e8b19208b0 JavaThread "C1 CompilerThread2" daemon [_thread_blocked, id=22592, stack(0x000000a9a0b00000,0x000000a9a0c00000)]
  0x000001e8b1bfd750 JavaThread "Monitor Ctrl-Break" daemon [_thread_in_native, id=20092, stack(0x000000a9a0c00000,0x000000a9a0d00000)]
  0x000001e8b1bfdc20 JavaThread "Notification Thread" daemon [_thread_blocked, id=7088, stack(0x000000a9a0d00000,0x000000a9a0e00000)]
  0x000001e8b1ed0100 JavaThread "RMI TCP Accept-0" daemon [_thread_in_native, id=3368, stack(0x000000a9a1200000,0x000000a9a1300000)]
  0x000001e8b286bd30 JavaThread "RMI TCP Connection(1)-169.254.20.251" daemon [_thread_blocked, id=9620, stack(0x000000a9a1400000,0x000000a9a1500000)]
  0x000001e8b289aa00 JavaThread "RMI Scheduler(0)" daemon [_thread_blocked, id=11200, stack(0x000000a9a1500000,0x000000a9a1600000)]
  0x000001e8b2a74240 JavaThread "Thread-2" [_thread_blocked, id=8340, stack(0x000000a9a1600000,0x000000a9a1700000)]
  0x000001e8b2ad59b0 JavaThread "restartedMain" [_thread_blocked, id=21740, stack(0x000000a9a1700000,0x000000a9a1800000)]
  0x000001e8b29ce6d0 JavaThread "background-preinit" [_thread_blocked, id=21648, stack(0x000000a9a1800000,0x000000a9a1900000)]

Other Threads:
=>0x000001e89f56dbf0 VMThread "VM Thread" [stack: 0x000000a9a0000000,0x000000a9a0100000] [id=13212]
  0x000001e8b1d4dc90 WatcherThread [stack: 0x000000a9a1300000,0x000000a9a1400000] [id=8520]
  0x000001e89f7cc300 GCTaskThread "GC Thread#0" [stack: 0x000000a99fb00000,0x000000a99fc00000] [id=23328]
  0x000001e8b1e4bc80 GCTaskThread "GC Thread#1" [stack: 0x000000a9a0e00000,0x000000a9a0f00000] [id=23840]
  0x000001e8b1e5db50 GCTaskThread "GC Thread#2" [stack: 0x000000a9a0f00000,0x000000a9a1000000] [id=21808]
  0x000001e8b1e7acc0 GCTaskThread "GC Thread#3" [stack: 0x000000a9a1000000,0x000000a9a1100000] [id=24524]
  0x000001e89f7f8670 ConcurrentGCThread "G1 Main Marker" [stack: 0x000000a99fc00000,0x000000a99fd00000] [id=12580]
  0x000001e89f7fa5b0 ConcurrentGCThread "G1 Conc#0" [stack: 0x000000a99fd00000,0x000000a99fe00000] [id=6132]
  0x000001e89f4265e0 ConcurrentGCThread "G1 Refine#0" [stack: 0x000000a99fe00000,0x000000a99ff00000] [id=7760]
  0x000001e8b1e673e0 ConcurrentGCThread "G1 Refine#1" [stack: 0x000000a9a1100000,0x000000a9a1200000] [id=6044]
  0x000001e89f426cb0 ConcurrentGCThread "G1 Service" [stack: 0x000000a99ff00000,0x000000a9a0000000] [id=16520]

Threads with active compile tasks:

VM state: at safepoint (normal execution)

VM Mutex/Monitor currently owned by a thread:  ([mutex/lock_event])
[0x000001e89f7a5900] Threads_lock - owner thread: 0x000001e89f56dbf0
[0x000001e89f7a45e0] Heap_lock - owner thread: 0x000001e8b2ad59b0

Heap address: 0x0000000081800000, size: 2024 MB, Compressed Oops mode: 32-bit

CDS archive(s) mapped at: [0x0000000800000000-0x0000000800bc0000-0x0000000800bc0000), size 12320768, SharedBaseAddress: 0x0000000800000000, ArchiveRelocationMode: 0.
Compressed class space mapped at: 0x0000000800c00000-0x0000000840c00000, reserved size: 1073741824
Narrow klass base: 0x0000000800000000, Narrow klass shift: 0, Narrow klass range: 0x100000000

GC Precious Log:
 CPUs: 4 total, 4 available
 Memory: 8093M
 Large Page Support: Disabled
 NUMA Support: Disabled
 Compressed Oops: Enabled (32-bit)
 Heap Region Size: 1M
 Heap Min Capacity: 8M
 Heap Initial Capacity: 128M
 Heap Max Capacity: 2024M
 Pre-touch: Disabled
 Parallel Workers: 4
 Concurrent Workers: 1
 Concurrent Refinement Workers: 4
 Periodic GC: Disabled

Heap:
 garbage-first heap   total 131072K, used 26565K [0x0000000081800000, 0x0000000100000000)
  region size 1024K, 9 young (9216K), 9 survivors (9216K)
 Metaspace       used 20929K, committed 21184K, reserved 1073152K
  class space    used 2640K, committed 2752K, reserved 1048576K

Heap Regions: E=young(eden), S=young(survivor), O=old, HS=humongous(starts), HC=humongous(continues), CS=collection set, F=free, OA=open archive, CA=closed archive, TAMS=top-at-mark-start (previous, next)
|   0|0x0000000081800000, 0x0000000081900000, 0x0000000081900000|100%|HS|  |TAMS 0x0000000081800000, 0x0000000081800000| Complete 
|   1|0x0000000081900000, 0x0000000081a00000, 0x0000000081a00000|100%| O|  |TAMS 0x0000000081900000, 0x0000000081900000| Untracked 
|   2|0x0000000081a00000, 0x0000000081b00000, 0x0000000081b00000|100%| O|  |TAMS 0x0000000081a00000, 0x0000000081a00000| Untracked 
|   3|0x0000000081b00000, 0x0000000081c00000, 0x0000000081c00000|100%| O|  |TAMS 0x0000000081b00000, 0x0000000081b00000| Untracked 
|   4|0x0000000081c00000, 0x0000000081d00000, 0x0000000081d00000|100%| O|  |TAMS 0x0000000081c00000, 0x0000000081c00000| Untracked 
|   5|0x0000000081d00000, 0x0000000081e00000, 0x0000000081e00000|100%| O|  |TAMS 0x0000000081d00000, 0x0000000081d00000| Untracked 
|   6|0x0000000081e00000, 0x0000000081f00000, 0x0000000081f00000|100%| O|  |TAMS 0x0000000081e00000, 0x0000000081e00000| Untracked 
|   7|0x0000000081f00000, 0x0000000082000000, 0x0000000082000000|100%| O|  |TAMS 0x0000000081f00000, 0x0000000081f00000| Untracked 
|   8|0x0000000082000000, 0x0000000082100000, 0x0000000082100000|100%| O|  |TAMS 0x0000000082000000, 0x0000000082000000| Untracked 
|   9|0x0000000082100000, 0x0000000082200000, 0x0000000082200000|100%| O|  |TAMS 0x0000000082100000, 0x0000000082100000| Untracked 
|  10|0x0000000082200000, 0x0000000082300000, 0x0000000082300000|100%| O|  |TAMS 0x0000000082200000, 0x0000000082200000| Untracked 
|  11|0x0000000082300000, 0x0000000082400000, 0x0000000082400000|100%| O|  |TAMS 0x0000000082300000, 0x0000000082300000| Untracked 
|  12|0x0000000082400000, 0x0000000082500000, 0x0000000082500000|100%| O|  |TAMS 0x0000000082400000, 0x0000000082400000| Untracked 
|  13|0x0000000082500000, 0x0000000082600000, 0x0000000082600000|100%| O|  |TAMS 0x0000000082500000, 0x0000000082500000| Untracked 
|  14|0x0000000082600000, 0x0000000082700000, 0x0000000082700000|100%| O|  |TAMS 0x0000000082600000, 0x0000000082600000| Untracked 
|  15|0x0000000082700000, 0x0000000082800000, 0x0000000082800000|100%| O|  |TAMS 0x0000000082700000, 0x0000000082700000| Untracked 
|  16|0x0000000082800000, 0x00000000828f1600, 0x0000000082900000| 94%| O|  |TAMS 0x0000000082800000, 0x0000000082800000| Untracked 
|  17|0x0000000082900000, 0x0000000082900000, 0x0000000082a00000|  0%| F|  |TAMS 0x0000000082900000, 0x0000000082900000| Untracked 
|  18|0x0000000082a00000, 0x0000000082a00000, 0x0000000082b00000|  0%| F|  |TAMS 0x0000000082a00000, 0x0000000082a00000| Untracked 
|  19|0x0000000082b00000, 0x0000000082b00000, 0x0000000082c00000|  0%| F|  |TAMS 0x0000000082b00000, 0x0000000082b00000| Untracked 
|  20|0x0000000082c00000, 0x0000000082c00000, 0x0000000082d00000|  0%| F|  |TAMS 0x0000000082c00000, 0x0000000082c00000| Untracked 
|  21|0x0000000082d00000, 0x0000000082d00000, 0x0000000082e00000|  0%| F|  |TAMS 0x0000000082d00000, 0x0000000082d00000| Untracked 
|  22|0x0000000082e00000, 0x0000000082e00000, 0x0000000082f00000|  0%| F|  |TAMS 0x0000000082e00000, 0x0000000082e00000| Untracked 
|  23|0x0000000082f00000, 0x0000000082f00000, 0x0000000083000000|  0%| F|  |TAMS 0x0000000082f00000, 0x0000000082f00000| Untracked 
|  24|0x0000000083000000, 0x0000000083000000, 0x0000000083100000|  0%| F|  |TAMS 0x0000000083000000, 0x0000000083000000| Untracked 
|  25|0x0000000083100000, 0x0000000083100000, 0x0000000083200000|  0%| F|  |TAMS 0x0000000083100000, 0x0000000083100000| Untracked 
|  26|0x0000000083200000, 0x0000000083200000, 0x0000000083300000|  0%| F|  |TAMS 0x0000000083200000, 0x0000000083200000| Untracked 
|  27|0x0000000083300000, 0x0000000083300000, 0x0000000083400000|  0%| F|  |TAMS 0x0000000083300000, 0x0000000083300000| Untracked 
|  28|0x0000000083400000, 0x0000000083400000, 0x0000000083500000|  0%| F|  |TAMS 0x0000000083400000, 0x0000000083400000| Untracked 
|  29|0x0000000083500000, 0x0000000083500000, 0x0000000083600000|  0%| F|  |TAMS 0x0000000083500000, 0x0000000083500000| Untracked 
|  30|0x0000000083600000, 0x0000000083600000, 0x0000000083700000|  0%| F|  |TAMS 0x0000000083600000, 0x0000000083600000| Untracked 
|  31|0x0000000083700000, 0x0000000083700000, 0x0000000083800000|  0%| F|  |TAMS 0x0000000083700000, 0x0000000083700000| Untracked 
|  32|0x0000000083800000, 0x0000000083800000, 0x0000000083900000|  0%| F|  |TAMS 0x0000000083800000, 0x0000000083800000| Untracked 
|  33|0x0000000083900000, 0x0000000083900000, 0x0000000083a00000|  0%| F|  |TAMS 0x0000000083900000, 0x0000000083900000| Untracked 
|  34|0x0000000083a00000, 0x0000000083a00000, 0x0000000083b00000|  0%| F|  |TAMS 0x0000000083a00000, 0x0000000083a00000| Untracked 
|  35|0x0000000083b00000, 0x0000000083b00000, 0x0000000083c00000|  0%| F|  |TAMS 0x0000000083b00000, 0x0000000083b00000| Untracked 
|  36|0x0000000083c00000, 0x0000000083c00000, 0x0000000083d00000|  0%| F|  |TAMS 0x0000000083c00000, 0x0000000083c00000| Untracked 
|  37|0x0000000083d00000, 0x0000000083d00000, 0x0000000083e00000|  0%| F|  |TAMS 0x0000000083d00000, 0x0000000083d00000| Untracked 
|  38|0x0000000083e00000, 0x0000000083e00000, 0x0000000083f00000|  0%| F|  |TAMS 0x0000000083e00000, 0x0000000083e00000| Untracked 
|  39|0x0000000083f00000, 0x0000000083f00000, 0x0000000084000000|  0%| F|  |TAMS 0x0000000083f00000, 0x0000000083f00000| Untracked 
|  40|0x0000000084000000, 0x0000000084000000, 0x0000000084100000|  0%| F|  |TAMS 0x0000000084000000, 0x0000000084000000| Untracked 
|  41|0x0000000084100000, 0x0000000084100000, 0x0000000084200000|  0%| F|  |TAMS 0x0000000084100000, 0x0000000084100000| Untracked 
|  42|0x0000000084200000, 0x0000000084200000, 0x0000000084300000|  0%| F|  |TAMS 0x0000000084200000, 0x0000000084200000| Untracked 
|  43|0x0000000084300000, 0x0000000084400000, 0x0000000084400000|100%| S|CS|TAMS 0x0000000084300000, 0x0000000084300000| Complete 
|  44|0x0000000084400000, 0x0000000084500000, 0x0000000084500000|100%| S|CS|TAMS 0x0000000084400000, 0x0000000084400000| Complete 
|  45|0x0000000084500000, 0x0000000084600000, 0x0000000084600000|100%| S|CS|TAMS 0x0000000084500000, 0x0000000084500000| Complete 
|  46|0x0000000084600000, 0x0000000084700000, 0x0000000084700000|100%| S|CS|TAMS 0x0000000084600000, 0x0000000084600000| Complete 
|  47|0x0000000084700000, 0x0000000084800000, 0x0000000084800000|100%| S|CS|TAMS 0x0000000084700000, 0x0000000084700000| Complete 
|  48|0x0000000084800000, 0x0000000084900000, 0x0000000084900000|100%| S|CS|TAMS 0x0000000084800000, 0x0000000084800000| Complete 
|  49|0x0000000084900000, 0x0000000084a00000, 0x0000000084a00000|100%| S|CS|TAMS 0x0000000084900000, 0x0000000084900000| Complete 
|  50|0x0000000084a00000, 0x0000000084b00000, 0x0000000084b00000|100%| S|CS|TAMS 0x0000000084a00000, 0x0000000084a00000| Complete 
|  51|0x0000000084b00000, 0x0000000084c00000, 0x0000000084c00000|100%| S|CS|TAMS 0x0000000084b00000, 0x0000000084b00000| Complete 
|  52|0x0000000084c00000, 0x0000000084c00000, 0x0000000084d00000|  0%| F|  |TAMS 0x0000000084c00000, 0x0000000084c00000| Untracked 
|  53|0x0000000084d00000, 0x0000000084d00000, 0x0000000084e00000|  0%| F|  |TAMS 0x0000000084d00000, 0x0000000084d00000| Untracked 
|  54|0x0000000084e00000, 0x0000000084e00000, 0x0000000084f00000|  0%| F|  |TAMS 0x0000000084e00000, 0x0000000084e00000| Untracked 
|  55|0x0000000084f00000, 0x0000000084f00000, 0x0000000085000000|  0%| F|  |TAMS 0x0000000084f00000, 0x0000000084f00000| Untracked 
|  56|0x0000000085000000, 0x0000000085000000, 0x0000000085100000|  0%| F|  |TAMS 0x0000000085000000, 0x0000000085000000| Untracked 
|  57|0x0000000085100000, 0x0000000085100000, 0x0000000085200000|  0%| F|  |TAMS 0x0000000085100000, 0x0000000085100000| Untracked 
|  58|0x0000000085200000, 0x0000000085200000, 0x0000000085300000|  0%| F|  |TAMS 0x0000000085200000, 0x0000000085200000| Untracked 
|  59|0x0000000085300000, 0x0000000085300000, 0x0000000085400000|  0%| F|  |TAMS 0x0000000085300000, 0x0000000085300000| Untracked 
|  60|0x0000000085400000, 0x0000000085400000, 0x0000000085500000|  0%| F|  |TAMS 0x0000000085400000, 0x0000000085400000| Untracked 
|  61|0x0000000085500000, 0x0000000085500000, 0x0000000085600000|  0%| F|  |TAMS 0x0000000085500000, 0x0000000085500000| Untracked 
|  62|0x0000000085600000, 0x0000000085600000, 0x0000000085700000|  0%| F|  |TAMS 0x0000000085600000, 0x0000000085600000| Untracked 
|  63|0x0000000085700000, 0x0000000085700000, 0x0000000085800000|  0%| F|  |TAMS 0x0000000085700000, 0x0000000085700000| Untracked 
|  64|0x0000000085800000, 0x0000000085800000, 0x0000000085900000|  0%| F|  |TAMS 0x0000000085800000, 0x0000000085800000| Untracked 
|  65|0x0000000085900000, 0x0000000085900000, 0x0000000085a00000|  0%| F|  |TAMS 0x0000000085900000, 0x0000000085900000| Untracked 
|  66|0x0000000085a00000, 0x0000000085a00000, 0x0000000085b00000|  0%| F|  |TAMS 0x0000000085a00000, 0x0000000085a00000| Untracked 
|  67|0x0000000085b00000, 0x0000000085b00000, 0x0000000085c00000|  0%| F|  |TAMS 0x0000000085b00000, 0x0000000085b00000| Untracked 
|  68|0x0000000085c00000, 0x0000000085c00000, 0x0000000085d00000|  0%| F|  |TAMS 0x0000000085c00000, 0x0000000085c00000| Untracked 
|  69|0x0000000085d00000, 0x0000000085d00000, 0x0000000085e00000|  0%| F|  |TAMS 0x0000000085d00000, 0x0000000085d00000| Untracked 
|  70|0x0000000085e00000, 0x0000000085e00000, 0x0000000085f00000|  0%| F|  |TAMS 0x0000000085e00000, 0x0000000085e00000| Untracked 
|  71|0x0000000085f00000, 0x0000000085f00000, 0x0000000086000000|  0%| F|  |TAMS 0x0000000085f00000, 0x0000000085f00000| Untracked 
|  72|0x0000000086000000, 0x0000000086000000, 0x0000000086100000|  0%| F|  |TAMS 0x0000000086000000, 0x0000000086000000| Untracked 
|  73|0x0000000086100000, 0x0000000086100000, 0x0000000086200000|  0%| F|  |TAMS 0x0000000086100000, 0x0000000086100000| Untracked 
|  74|0x0000000086200000, 0x0000000086200000, 0x0000000086300000|  0%| F|  |TAMS 0x0000000086200000, 0x0000000086200000| Untracked 
|  75|0x0000000086300000, 0x0000000086300000, 0x0000000086400000|  0%| F|  |TAMS 0x0000000086300000, 0x0000000086300000| Untracked 
|  76|0x0000000086400000, 0x0000000086400000, 0x0000000086500000|  0%| F|  |TAMS 0x0000000086400000, 0x0000000086400000| Untracked 
|  77|0x0000000086500000, 0x0000000086500000, 0x0000000086600000|  0%| F|  |TAMS 0x0000000086500000, 0x0000000086500000| Untracked 
|  78|0x0000000086600000, 0x0000000086600000, 0x0000000086700000|  0%| F|  |TAMS 0x0000000086600000, 0x0000000086600000| Untracked 
|  79|0x0000000086700000, 0x0000000086700000, 0x0000000086800000|  0%| F|  |TAMS 0x0000000086700000, 0x0000000086700000| Untracked 
|  80|0x0000000086800000, 0x0000000086800000, 0x0000000086900000|  0%| F|  |TAMS 0x0000000086800000, 0x0000000086800000| Untracked 
|  81|0x0000000086900000, 0x0000000086900000, 0x0000000086a00000|  0%| F|  |TAMS 0x0000000086900000, 0x0000000086900000| Untracked 
|  82|0x0000000086a00000, 0x0000000086a00000, 0x0000000086b00000|  0%| F|  |TAMS 0x0000000086a00000, 0x0000000086a00000| Untracked 
|  83|0x0000000086b00000, 0x0000000086b00000, 0x0000000086c00000|  0%| F|  |TAMS 0x0000000086b00000, 0x0000000086b00000| Untracked 
|  84|0x0000000086c00000, 0x0000000086c00000, 0x0000000086d00000|  0%| F|  |TAMS 0x0000000086c00000, 0x0000000086c00000| Untracked 
|  85|0x0000000086d00000, 0x0000000086d00000, 0x0000000086e00000|  0%| F|  |TAMS 0x0000000086d00000, 0x0000000086d00000| Untracked 
|  86|0x0000000086e00000, 0x0000000086e00000, 0x0000000086f00000|  0%| F|  |TAMS 0x0000000086e00000, 0x0000000086e00000| Untracked 
|  87|0x0000000086f00000, 0x0000000086f00000, 0x0000000087000000|  0%| F|  |TAMS 0x0000000086f00000, 0x0000000086f00000| Untracked 
|  88|0x0000000087000000, 0x0000000087000000, 0x0000000087100000|  0%| F|  |TAMS 0x0000000087000000, 0x0000000087000000| Untracked 
|  89|0x0000000087100000, 0x0000000087100000, 0x0000000087200000|  0%| F|  |TAMS 0x0000000087100000, 0x0000000087100000| Untracked 
|  90|0x0000000087200000, 0x0000000087200000, 0x0000000087300000|  0%| F|  |TAMS 0x0000000087200000, 0x0000000087200000| Untracked 
|  91|0x0000000087300000, 0x0000000087300000, 0x0000000087400000|  0%| F|  |TAMS 0x0000000087300000, 0x0000000087300000| Untracked 
|  92|0x0000000087400000, 0x0000000087400000, 0x0000000087500000|  0%| F|  |TAMS 0x0000000087400000, 0x0000000087400000| Untracked 
|  93|0x0000000087500000, 0x0000000087500000, 0x0000000087600000|  0%| F|  |TAMS 0x0000000087500000, 0x0000000087500000| Untracked 
|  94|0x0000000087600000, 0x0000000087600000, 0x0000000087700000|  0%| F|  |TAMS 0x0000000087600000, 0x0000000087600000| Untracked 
|  95|0x0000000087700000, 0x0000000087700000, 0x0000000087800000|  0%| F|  |TAMS 0x0000000087700000, 0x0000000087700000| Untracked 
|  96|0x0000000087800000, 0x0000000087800000, 0x0000000087900000|  0%| F|  |TAMS 0x0000000087800000, 0x0000000087800000| Untracked 
|  97|0x0000000087900000, 0x0000000087900000, 0x0000000087a00000|  0%| F|  |TAMS 0x0000000087900000, 0x0000000087900000| Untracked 
|  98|0x0000000087a00000, 0x0000000087a00000, 0x0000000087b00000|  0%| F|  |TAMS 0x0000000087a00000, 0x0000000087a00000| Untracked 
|  99|0x0000000087b00000, 0x0000000087b00000, 0x0000000087c00000|  0%| F|  |TAMS 0x0000000087b00000, 0x0000000087b00000| Untracked 
| 100|0x0000000087c00000, 0x0000000087c00000, 0x0000000087d00000|  0%| F|  |TAMS 0x0000000087c00000, 0x0000000087c00000| Untracked 
| 101|0x0000000087d00000, 0x0000000087d00000, 0x0000000087e00000|  0%| F|  |TAMS 0x0000000087d00000, 0x0000000087d00000| Untracked 
| 102|0x0000000087e00000, 0x0000000087e00000, 0x0000000087f00000|  0%| F|  |TAMS 0x0000000087e00000, 0x0000000087e00000| Untracked 
| 103|0x0000000087f00000, 0x0000000087f00000, 0x0000000088000000|  0%| F|  |TAMS 0x0000000087f00000, 0x0000000087f00000| Untracked 
| 104|0x0000000088000000, 0x0000000088000000, 0x0000000088100000|  0%| F|  |TAMS 0x0000000088000000, 0x0000000088000000| Untracked 
| 105|0x0000000088100000, 0x0000000088100000, 0x0000000088200000|  0%| F|  |TAMS 0x0000000088100000, 0x0000000088100000| Untracked 
| 106|0x0000000088200000, 0x0000000088200000, 0x0000000088300000|  0%| F|  |TAMS 0x0000000088200000, 0x0000000088200000| Untracked 
| 107|0x0000000088300000, 0x0000000088300000, 0x0000000088400000|  0%| F|  |TAMS 0x0000000088300000, 0x0000000088300000| Untracked 
| 108|0x0000000088400000, 0x0000000088400000, 0x0000000088500000|  0%| F|  |TAMS 0x0000000088400000, 0x0000000088400000| Untracked 
| 109|0x0000000088500000, 0x0000000088500000, 0x0000000088600000|  0%| F|  |TAMS 0x0000000088500000, 0x0000000088500000| Untracked 
| 110|0x0000000088600000, 0x0000000088600000, 0x0000000088700000|  0%| F|  |TAMS 0x0000000088600000, 0x0000000088600000| Untracked 
| 111|0x0000000088700000, 0x0000000088700000, 0x0000000088800000|  0%| F|  |TAMS 0x0000000088700000, 0x0000000088700000| Untracked 
| 112|0x0000000088800000, 0x0000000088800000, 0x0000000088900000|  0%| F|  |TAMS 0x0000000088800000, 0x0000000088800000| Untracked 
| 113|0x0000000088900000, 0x0000000088900000, 0x0000000088a00000|  0%| F|  |TAMS 0x0000000088900000, 0x0000000088900000| Untracked 
| 114|0x0000000088a00000, 0x0000000088a00000, 0x0000000088b00000|  0%| F|  |TAMS 0x0000000088a00000, 0x0000000088a00000| Untracked 
| 115|0x0000000088b00000, 0x0000000088b00000, 0x0000000088c00000|  0%| F|  |TAMS 0x0000000088b00000, 0x0000000088b00000| Untracked 
| 116|0x0000000088c00000, 0x0000000088c00000, 0x0000000088d00000|  0%| F|  |TAMS 0x0000000088c00000, 0x0000000088c00000| Untracked 
| 117|0x0000000088d00000, 0x0000000088d00000, 0x0000000088e00000|  0%| F|  |TAMS 0x0000000088d00000, 0x0000000088d00000| Untracked 
| 118|0x0000000088e00000, 0x0000000088e00000, 0x0000000088f00000|  0%| F|  |TAMS 0x0000000088e00000, 0x0000000088e00000| Untracked 
| 119|0x0000000088f00000, 0x0000000088f00000, 0x0000000089000000|  0%| F|  |TAMS 0x0000000088f00000, 0x0000000088f00000| Untracked 
| 120|0x0000000089000000, 0x0000000089000000, 0x0000000089100000|  0%| F|  |TAMS 0x0000000089000000, 0x0000000089000000| Untracked 
| 121|0x0000000089100000, 0x0000000089100000, 0x0000000089200000|  0%| F|  |TAMS 0x0000000089100000, 0x0000000089100000| Untracked 
| 122|0x0000000089200000, 0x0000000089200000, 0x0000000089300000|  0%| F|  |TAMS 0x0000000089200000, 0x0000000089200000| Untracked 
| 123|0x0000000089300000, 0x0000000089300000, 0x0000000089400000|  0%| F|  |TAMS 0x0000000089300000, 0x0000000089300000| Untracked 
| 124|0x0000000089400000, 0x0000000089400000, 0x0000000089500000|  0%| F|  |TAMS 0x0000000089400000, 0x0000000089400000| Untracked 
| 125|0x0000000089500000, 0x0000000089500000, 0x0000000089600000|  0%| F|  |TAMS 0x0000000089500000, 0x0000000089500000| Untracked 
| 126|0x0000000089600000, 0x0000000089600000, 0x0000000089700000|  0%| F|  |TAMS 0x0000000089600000, 0x0000000089600000| Untracked 
| 127|0x0000000089700000, 0x0000000089700000, 0x0000000089800000|  0%| F|  |TAMS 0x0000000089700000, 0x0000000089700000| Untracked 

Card table byte_map: [0x000001e8aa3a0000,0x000001e8aa7a0000] _byte_map_base: 0x000001e8a9f94000

Marking Bits (Prev, Next): (CMBitMap*) 0x000001e89f7e5010, (CMBitMap*) 0x000001e89f7e5050
 Prev Bits: [0x000001e8aaba0000, 0x000001e8acb40000)
 Next Bits: [0x000001e8acb40000, 0x000001e8aeae0000)

Polling page: 0x000001e89d5e0000

Metaspace:

Usage:
  Non-class:     17.86 MB used.
      Class:      2.58 MB used.
       Both:     20.44 MB used.

Virtual space:
  Non-class space:       24.00 MB reserved,      18.00 MB ( 75%) committed,  3 nodes.
      Class space:        1.00 GB reserved,       2.69 MB ( <1%) committed,  1 nodes.
             Both:        1.02 GB reserved,      20.69 MB (  2%) committed. 

Chunk freelists:
   Non-Class:  1.28 MB
       Class:  1.27 MB
        Both:  2.55 MB

MaxMetaspaceSize: unlimited
CompressedClassSpaceSize: 1.00 GB
Initial GC threshold: 21.00 MB
Current GC threshold: 21.00 MB
CDS: on
MetaspaceReclaimPolicy: balanced
 - commit_granule_bytes: 65536.
 - commit_granule_words: 8192.
 - virtual_space_node_default_size: 1048576.
 - enlarge_chunks_in_place: 1.
 - new_chunks_are_fully_committed: 0.
 - uncommit_free_chunks: 1.
 - use_allocation_guard: 0.
 - handle_deallocations: 1.


Internal statistics:

num_allocs_failed_limit: 0.
num_arena_births: 280.
num_arena_deaths: 0.
num_vsnodes_births: 4.
num_vsnodes_deaths: 0.
num_space_committed: 331.
num_space_uncommitted: 0.
num_chunks_returned_to_freelist: 0.
num_chunks_taken_from_freelist: 880.
num_chunk_merges: 0.
num_chunk_splits: 617.
num_chunks_enlarged: 472.
num_purges: 0.
num_inconsistent_stats: 0.

CodeCache: size=49152Kb used=7116Kb max_used=7116Kb free=42035Kb
 bounds [0x000001e8a6fa0000, 0x000001e8a76a0000, 0x000001e8a9fa0000]
 total_blobs=3497 nmethods=2986 adapters=435
 compilation: enabled
              stopped_count=0, restarted_count=0
 full_count=0

Compilation events (20 events):
Event: 6.047 Thread 0x000001e8b19208b0 nmethod 2976 0x000001e8a7689110 code [0x000001e8a76892e0, 0x000001e8a7689618]
Event: 6.047 Thread 0x000001e8b19203a0 nmethod 2978 0x000001e8a7689890 code [0x000001e8a7689a80, 0x000001e8a7689d58]
Event: 6.048 Thread 0x000001e8b180a5c0 2979       1       sun.reflect.annotation.AnnotationParser::parseArray (220 bytes)
Event: 6.050 Thread 0x000001e8b180a5c0 nmethod 2979 0x000001e8a7689e90 code [0x000001e8a768a200, 0x000001e8a768aee8]
Event: 6.054 Thread 0x000001e8b19208b0 2980       1       jdk.internal.reflect.Reflection::filter (163 bytes)
Event: 6.055 Thread 0x000001e8b19208b0 nmethod 2980 0x000001e8a768b510 code [0x000001e8a768b720, 0x000001e8a768bc48]
Event: 6.063 Thread 0x000001e8b19208b0 2981       1       org.springframework.asm.ClassReader::readElementValue (2485 bytes)
Event: 6.064 Thread 0x000001e8b180a5c0 2982       1       org.springframework.core.annotation.AttributeMethods::canThrowTypeNotPresentException (22 bytes)
Event: 6.064 Thread 0x000001e8b180a5c0 nmethod 2982 0x000001e8a768bf90 code [0x000001e8a768c120, 0x000001e8a768c238]
Event: 6.064 Thread 0x000001e8b19203a0 2983       1       java.lang.reflect.Proxy::newProxyInstance (35 bytes)
Event: 6.064 Thread 0x000001e8b180a5c0 2984       1       java.lang.reflect.Proxy::getProxyConstructor (92 bytes)
Event: 6.064 Thread 0x000001e8b19203a0 nmethod 2983 0x000001e8a768c310 code [0x000001e8a768c4e0, 0x000001e8a768c6d8]
Event: 6.064 Thread 0x000001e8b19203a0 2985   !   1       java.lang.reflect.Proxy::newProxyInstance (75 bytes)
Event: 6.065 Thread 0x000001e8b180a5c0 nmethod 2984 0x000001e8a768c810 code [0x000001e8a768ca40, 0x000001e8a768d258]
Event: 6.065 Thread 0x000001e8b19203a0 nmethod 2985 0x000001e8a768d590 code [0x000001e8a768d7a0, 0x000001e8a768dce8]
Event: 6.065 Thread 0x000001e8b180a5c0 2986       1       java.lang.reflect.Proxy::<init> (15 bytes)
Event: 6.065 Thread 0x000001e8b180a5c0 nmethod 2986 0x000001e8a768e110 code [0x000001e8a768e2a0, 0x000001e8a768e468]
Event: 6.066 Thread 0x000001e8b180a5c0 2987   !   1       java.util.concurrent.CopyOnWriteArrayList::add (46 bytes)
Event: 6.066 Thread 0x000001e8b180a5c0 nmethod 2987 0x000001e8a768e510 code [0x000001e8a768e6c0, 0x000001e8a768ea28]
Event: 6.069 Thread 0x000001e8b19208b0 nmethod 2981 0x000001e8a768ec90 code [0x000001e8a768f260, 0x000001e8a7691c28]

GC Heap History (13 events):
Event: 1.629 GC heap before
{Heap before GC invocations=0 (full 0):
 garbage-first heap   total 131072K, used 13312K [0x0000000081800000, 0x0000000100000000)
  region size 1024K, 13 young (13312K), 0 survivors (0K)
 Metaspace       used 3106K, committed 3264K, reserved 1056768K
  class space    used 368K, committed 448K, reserved 1048576K
}
Event: 1.639 GC heap after
{Heap after GC invocations=1 (full 0):
 garbage-first heap   total 131072K, used 7200K [0x0000000081800000, 0x0000000100000000)
  region size 1024K, 2 young (2048K), 2 survivors (2048K)
 Metaspace       used 3106K, committed 3264K, reserved 1056768K
  class space    used 368K, committed 448K, reserved 1048576K
}
Event: 2.223 GC heap before
{Heap before GC invocations=1 (full 0):
 garbage-first heap   total 131072K, used 13344K [0x0000000081800000, 0x0000000100000000)
  region size 1024K, 8 young (8192K), 2 survivors (2048K)
 Metaspace       used 5500K, committed 5696K, reserved 1056768K
  class space    used 647K, committed 768K, reserved 1048576K
}
Event: 2.230 GC heap after
{Heap after GC invocations=2 (full 0):
 garbage-first heap   total 131072K, used 8298K [0x0000000081800000, 0x0000000100000000)
  region size 1024K, 1 young (1024K), 1 survivors (1024K)
 Metaspace       used 5500K, committed 5696K, reserved 1056768K
  class space    used 647K, committed 768K, reserved 1048576K
}
Event: 2.685 GC heap before
{Heap before GC invocations=2 (full 0):
 garbage-first heap   total 131072K, used 28778K [0x0000000081800000, 0x0000000100000000)
  region size 1024K, 21 young (21504K), 1 survivors (1024K)
 Metaspace       used 7484K, committed 7680K, reserved 1056768K
  class space    used 907K, committed 1024K, reserved 1048576K
}
Event: 2.691 GC heap after
{Heap after GC invocations=3 (full 0):
 garbage-first heap   total 131072K, used 9930K [0x0000000081800000, 0x0000000100000000)
  region size 1024K, 3 young (3072K), 3 survivors (3072K)
 Metaspace       used 7484K, committed 7680K, reserved 1056768K
  class space    used 907K, committed 1024K, reserved 1048576K
}
Event: 4.109 GC heap before
{Heap before GC invocations=3 (full 0):
 garbage-first heap   total 131072K, used 77514K [0x0000000081800000, 0x0000000100000000)
  region size 1024K, 69 young (70656K), 3 survivors (3072K)
 Metaspace       used 11069K, committed 11328K, reserved 1064960K
  class space    used 1395K, committed 1536K, reserved 1048576K
}
Event: 4.120 GC heap after
{Heap after GC invocations=4 (full 0):
 garbage-first heap   total 131072K, used 13590K [0x0000000081800000, 0x0000000100000000)
  region size 1024K, 7 young (7168K), 7 survivors (7168K)
 Metaspace       used 11069K, committed 11328K, reserved 1064960K
  class space    used 1395K, committed 1536K, reserved 1048576K
}
Event: 4.914 GC heap before
{Heap before GC invocations=4 (full 0):
 garbage-first heap   total 131072K, used 83222K [0x0000000081800000, 0x0000000100000000)
  region size 1024K, 76 young (77824K), 7 survivors (7168K)
 Metaspace       used 14542K, committed 14848K, reserved 1064960K
  class space    used 1858K, committed 1984K, reserved 1048576K
}
Event: 4.930 GC heap after
{Heap after GC invocations=5 (full 0):
 garbage-first heap   total 131072K, used 17566K [0x0000000081800000, 0x0000000100000000)
  region size 1024K, 8 young (8192K), 8 survivors (8192K)
 Metaspace       used 14542K, committed 14848K, reserved 1064960K
  class space    used 1858K, committed 1984K, reserved 1048576K
}
Event: 5.562 GC heap before
{Heap before GC invocations=5 (full 0):
 garbage-first heap   total 131072K, used 87198K [0x0000000081800000, 0x0000000100000000)
  region size 1024K, 76 young (77824K), 8 survivors (8192K)
 Metaspace       used 18304K, committed 18560K, reserved 1073152K
  class space    used 2405K, committed 2560K, reserved 1048576K
}
Event: 5.577 GC heap after
{Heap after GC invocations=6 (full 0):
 garbage-first heap   total 131072K, used 21369K [0x0000000081800000, 0x0000000100000000)
  region size 1024K, 8 young (8192K), 8 survivors (8192K)
 Metaspace       used 18304K, committed 18560K, reserved 1073152K
  class space    used 2405K, committed 2560K, reserved 1048576K
}
Event: 6.070 GC heap before
{Heap before GC invocations=6 (full 0):
 garbage-first heap   total 131072K, used 89977K [0x0000000081800000, 0x0000000100000000)
  region size 1024K, 76 young (77824K), 8 survivors (8192K)
 Metaspace       used 20929K, committed 21184K, reserved 1073152K
  class space    used 2640K, committed 2752K, reserved 1048576K
}

Deoptimization events (6 events):
Event: 2.262 Thread 0x000001e89f7a8e70 DEOPT PACKING pc=0x000001e8a73893c4 sp=0x000000a99fafa510
Event: 2.262 Thread 0x000001e89f7a8e70 DEOPT UNPACKING pc=0x000001e8a6ff2b43 sp=0x000000a99faf99a8 mode 3
Event: 2.273 Thread 0x000001e89f7a8e70 DEOPT PACKING pc=0x000001e8a7392899 sp=0x000000a99fafb2f0
Event: 2.273 Thread 0x000001e89f7a8e70 DEOPT UNPACKING pc=0x000001e8a6ff2b43 sp=0x000000a99fafa7d0 mode 3
Event: 4.989 Thread 0x000001e8b2ad59b0 DEOPT PACKING pc=0x000001e8a75fc019 sp=0x000000a9a17fcaf0
Event: 4.989 Thread 0x000001e8b2ad59b0 DEOPT UNPACKING pc=0x000001e8a6ff2b43 sp=0x000000a9a17fbfd0 mode 3

Classes unloaded (0 events):
No events

Classes redefined (0 events):
No events

Internal exceptions (20 events):
Event: 4.170 Thread 0x000001e8b2ad59b0 Exception <a 'java/lang/NoSuchMethodError'{0x00000000895b0170}: 'java.lang.Object java.lang.invoke.Invokers$Holder.linkToTargetMethod(java.lang.Object, java.lang.Object, int, java.lang.Object, java.lang.Object)'> (0x00000000895b0170) 
thrown [s\open\src\hotspot\share\interpreter\linkResolver.cpp, line 759]
Event: 4.177 Thread 0x000001e8b2ad59b0 Exception <a 'java/lang/NoSuchMethodError'{0x00000000895cbed8}: 'java.lang.Object java.lang.invoke.DirectMethodHandle$Holder.newInvokeSpecial(java.lang.Object, int, java.lang.Object)'> (0x00000000895cbed8) 
thrown [s\open\src\hotspot\share\interpreter\linkResolver.cpp, line 759]
Event: 4.177 Thread 0x000001e8b2ad59b0 Exception <a 'java/lang/NoSuchMethodError'{0x00000000895cffb0}: 'int java.lang.invoke.DirectMethodHandle$Holder.invokeSpecialIFC(java.lang.Object, java.lang.Object, java.lang.Object, java.lang.Object)'> (0x00000000895cffb0) 
thrown [s\open\src\hotspot\share\interpreter\linkResolver.cpp, line 759]
Event: 4.220 Thread 0x000001e8b2ad59b0 Exception <a 'java/lang/NoSuchMethodError'{0x0000000089382958}: 'void java.lang.invoke.DirectMethodHandle$Holder.invokeInterface(java.lang.Object, java.lang.Object, java.lang.Object)'> (0x0000000089382958) 
thrown [s\open\src\hotspot\share\interpreter\linkResolver.cpp, line 759]
Event: 4.331 Thread 0x000001e8b2ad59b0 Exception <a 'java/lang/NoSuchMethodError'{0x0000000088eedd68}: 'void java.lang.invoke.DirectMethodHandle$Holder.invokeStatic(java.lang.Object, java.lang.Object, int)'> (0x0000000088eedd68) 
thrown [s\open\src\hotspot\share\interpreter\linkResolver.cpp, line 759]
Event: 4.333 Thread 0x000001e8b2ad59b0 Exception <a 'java/lang/NoSuchMethodError'{0x0000000088ef6ea0}: 'void java.lang.invoke.DirectMethodHandle$Holder.invokeStaticInit(java.lang.Object, java.lang.Object)'> (0x0000000088ef6ea0) 
thrown [s\open\src\hotspot\share\interpreter\linkResolver.cpp, line 759]
Event: 4.336 Thread 0x000001e8b2ad59b0 Exception <a 'java/lang/NoSuchMethodError'{0x0000000088d157d0}: 'void java.lang.invoke.DirectMethodHandle$Holder.invokeStaticInit(java.lang.Object, java.lang.Object, java.lang.Object)'> (0x0000000088d157d0) 
thrown [s\open\src\hotspot\share\interpreter\linkResolver.cpp, line 759]
Event: 4.355 Thread 0x000001e8b2ad59b0 Exception <a 'java/lang/NoSuchMethodError'{0x0000000088b08c08}: 'java.lang.Object java.lang.invoke.DirectMethodHandle$Holder.invokeStatic(java.lang.Object, java.lang.Object, long, java.lang.Object)'> (0x0000000088b08c08) 
thrown [s\open\src\hotspot\share\interpreter\linkResolver.cpp, line 759]
Event: 4.356 Thread 0x000001e8b2ad59b0 Exception <a 'java/lang/NoSuchMethodError'{0x0000000088b0c6a0}: 'java.lang.Object java.lang.invoke.DirectMethodHandle$Holder.invokeStaticInit(java.lang.Object, java.lang.Object, long, java.lang.Object)'> (0x0000000088b0c6a0) 
thrown [s\open\src\hotspot\share\interpreter\linkResolver.cpp, line 759]
Event: 4.357 Thread 0x000001e8b2ad59b0 Exception <a 'java/lang/NoSuchMethodError'{0x0000000088b12cb0}: 'java.lang.Object java.lang.invoke.DirectMethodHandle$Holder.newInvokeSpecial(java.lang.Object, java.lang.Object, long)'> (0x0000000088b12cb0) 
thrown [s\open\src\hotspot\share\interpreter\linkResolver.cpp, line 759]
Event: 4.378 Thread 0x000001e8b2ad59b0 Exception <a 'java/lang/NoSuchMethodError'{0x0000000088bbae68}: 'void java.lang.invoke.DirectMethodHandle$Holder.invokeVirtual(java.lang.Object, java.lang.Object, java.lang.Object, java.lang.Object)'> (0x0000000088bbae68) 
thrown [s\open\src\hotspot\share\interpreter\linkResolver.cpp, line 759]
Event: 4.515 Thread 0x000001e8b2ad59b0 Exception <a 'java/lang/NoSuchMethodError'{0x00000000884677d8}: 'void java.lang.invoke.DirectMethodHandle$Holder.invokeSpecial(java.lang.Object, java.lang.Object, java.lang.Object)'> (0x00000000884677d8) 
thrown [s\open\src\hotspot\share\interpreter\linkResolver.cpp, line 759]
Event: 4.516 Thread 0x000001e8b2ad59b0 Exception <a 'java/lang/NoSuchMethodError'{0x000000008846ddb0}: 'void java.lang.invoke.DirectMethodHandle$Holder.invokeSpecial(java.lang.Object, java.lang.Object, java.lang.Object, java.lang.Object, java.lang.Object)'> (0x000000008846ddb0) 
thrown [s\open\src\hotspot\share\interpreter\linkResolver.cpp, line 759]
Event: 4.534 Thread 0x000001e8b2ad59b0 Exception <a 'java/lang/IncompatibleClassChangeError'{0x00000000884cb688}: Found class java.lang.Object, but interface was expected> (0x00000000884cb688) 
thrown [s\open\src\hotspot\share\interpreter\linkResolver.cpp, line 826]
Event: 4.589 Thread 0x000001e8b286bd30 Exception <a 'java/lang/reflect/InvocationTargetException'{0x0000000087d09758}> (0x0000000087d09758) 
thrown [s\open\src\hotspot\share\runtime\reflection.cpp, line 1121]
Event: 5.099 Thread 0x000001e8b286bd30 Exception <a 'java/lang/reflect/InvocationTargetException'{0x00000000888e2288}> (0x00000000888e2288) 
thrown [s\open\src\hotspot\share\runtime\reflection.cpp, line 1121]
Event: 5.339 Thread 0x000001e8b2ad59b0 Exception <a 'java/lang/NoSuchMethodError'{0x0000000086c77278}: 'int java.lang.invoke.DirectMethodHandle$Holder.invokeSpecial(java.lang.Object, java.lang.Object, java.lang.Object, java.lang.Object, java.lang.Object)'> (0x0000000086c77278) 
thrown [s\open\src\hotspot\share\interpreter\linkResolver.cpp, line 759]
Event: 5.343 Thread 0x000001e8b2ad59b0 Exception <a 'java/lang/NoSuchMethodError'{0x0000000086c84978}: 'void java.lang.invoke.DirectMethodHandle$Holder.invokeVirtual(java.lang.Object, java.lang.Object)'> (0x0000000086c84978) 
thrown [s\open\src\hotspot\share\interpreter\linkResolver.cpp, line 759]
Event: 5.610 Thread 0x000001e8b286bd30 Exception <a 'java/lang/reflect/InvocationTargetException'{0x0000000089305c80}> (0x0000000089305c80) 
thrown [s\open\src\hotspot\share\runtime\reflection.cpp, line 1121]
Event: 6.013 Thread 0x000001e8b2ad59b0 Exception <a 'java/lang/IncompatibleClassChangeError'{0x0000000085b0d958}: Found class java.lang.Object, but interface was expected> (0x0000000085b0d958) 
thrown [s\open\src\hotspot\share\interpreter\linkResolver.cpp, line 826]

VM Operations (20 events):
Event: 3.408 Executing VM operation: HandshakeAllThreads done
Event: 4.096 Executing VM operation: HandshakeAllThreads
Event: 4.096 Executing VM operation: HandshakeAllThreads done
Event: 4.096 Executing VM operation: Cleanup
Event: 4.096 Executing VM operation: Cleanup done
Event: 4.109 Executing VM operation: G1CollectForAllocation
Event: 4.120 Executing VM operation: G1CollectForAllocation done
Event: 4.508 Executing VM operation: HandshakeAllThreads
Event: 4.508 Executing VM operation: HandshakeAllThreads done
Event: 4.861 Executing VM operation: HandshakeAllThreads
Event: 4.861 Executing VM operation: HandshakeAllThreads done
Event: 4.914 Executing VM operation: G1CollectForAllocation
Event: 4.930 Executing VM operation: G1CollectForAllocation done
Event: 5.148 Executing VM operation: HandshakeAllThreads
Event: 5.148 Executing VM operation: HandshakeAllThreads done
Event: 5.299 Executing VM operation: HandshakeAllThreads
Event: 5.299 Executing VM operation: HandshakeAllThreads done
Event: 5.562 Executing VM operation: G1CollectForAllocation
Event: 5.577 Executing VM operation: G1CollectForAllocation done
Event: 6.070 Executing VM operation: G1CollectForAllocation

Events (20 events):
Event: 6.062 loading class org/springframework/boot/context/properties/ConfigurationProperties
Event: 6.062 loading class org/springframework/boot/context/properties/ConfigurationProperties done
Event: 6.064 loading class org/springframework/core/type/filter/AssignableTypeFilter
Event: 6.064 loading class org/springframework/core/type/filter/AssignableTypeFilter done
Event: 6.066 loading class org/springframework/core/annotation/MergedAnnotation
Event: 6.066 loading class org/springframework/core/annotation/MergedAnnotation done
Event: 6.066 loading class org/springframework/core/annotation/MergedAnnotationPredicates
Event: 6.066 loading class org/springframework/core/annotation/MergedAnnotationPredicates done
Event: 6.068 loading class org/springframework/core/annotation/MergedAnnotationPredicates$UniquePredicate
Event: 6.068 loading class org/springframework/core/annotation/MergedAnnotationPredicates$UniquePredicate done
Event: 6.069 loading class org/springframework/core/annotation/MergedAnnotation
Event: 6.069 loading class org/springframework/core/annotation/MergedAnnotation done
Event: 6.069 loading class org/springframework/core/annotation/MergedAnnotation
Event: 6.069 loading class org/springframework/core/annotation/MergedAnnotation done
Event: 6.070 loading class org/springframework/util/MultiValueMap
Event: 6.070 loading class org/springframework/util/MultiValueMap done
Event: 6.070 loading class org/springframework/util/MultiValueMap
Event: 6.070 loading class org/springframework/util/MultiValueMap done
Event: 6.070 loading class org/springframework/core/annotation/MergedAnnotationCollectors
Event: 6.070 loading class org/springframework/core/annotation/MergedAnnotationCollectors done


Dynamic libraries:
0x00007ff79d390000 - 0x00007ff79d3a0000 	D:\Program Files\Java\jdk-17.0.4.1\bin\java.exe
0x00007ffb730a0000 - 0x00007ffb732a9000 	C:\Windows\SYSTEM32\ntdll.dll
0x00007ffb71d90000 - 0x00007ffb71e4e000 	C:\Windows\System32\KERNEL32.DLL
0x00007ffb70880000 - 0x00007ffb70c04000 	C:\Windows\System32\KERNELBASE.dll
0x00007ffb70c10000 - 0x00007ffb70d21000 	C:\Windows\System32\ucrtbase.dll
0x00007ffb6d710000 - 0x00007ffb6d728000 	D:\Program Files\Java\jdk-17.0.4.1\bin\jli.dll
0x00007ffb71bd0000 - 0x00007ffb71c7f000 	C:\Windows\System32\ADVAPI32.dll
0x00007ffb71b10000 - 0x00007ffb71bb3000 	C:\Windows\System32\msvcrt.dll
0x00007ffb71420000 - 0x00007ffb714be000 	C:\Windows\System32\sechost.dll
0x00007ffb72670000 - 0x00007ffb72791000 	C:\Windows\System32\RPCRT4.dll
0x00007ffb71960000 - 0x00007ffb71b0d000 	C:\Windows\System32\USER32.dll
0x00007ffb70850000 - 0x00007ffb70876000 	C:\Windows\System32\win32u.dll
0x00007ffb71d60000 - 0x00007ffb71d8a000 	C:\Windows\System32\GDI32.dll
0x00007ffb70730000 - 0x00007ffb7084f000 	C:\Windows\System32\gdi32full.dll
0x00007ffb70690000 - 0x00007ffb7072d000 	C:\Windows\System32\msvcp_win.dll
0x00007ffb6cdd0000 - 0x00007ffb6cdea000 	D:\Program Files\Java\jdk-17.0.4.1\bin\VCRUNTIME140.dll
0x00007ffb5b040000 - 0x00007ffb5b2e5000 	C:\Windows\WinSxS\amd64_microsoft.windows.common-controls_6595b64144ccf1df_6.0.22000.120_none_9d947278b86cc467\COMCTL32.dll
0x00007ffb68810000 - 0x00007ffb6881a000 	C:\Windows\SYSTEM32\VERSION.dll
0x00007ffb71840000 - 0x00007ffb71871000 	C:\Windows\System32\IMM32.DLL
0x00007ffb26790000 - 0x00007ffb267bd000 	C:\Program Files\MacType\MacType64.dll
0x00007ffb267c0000 - 0x00007ffb2681a000 	C:\Program Files\MacType\Easyhk64.dll
0x00007ffb26680000 - 0x00007ffb2678b000 	C:\Program Files\MacType\MacType64.Core.dll
0x00007ffb6c4d0000 - 0x00007ffb6ca88000 	C:\Windows\SYSTEM32\d2d1.dll
0x00007ffb61060000 - 0x00007ffb612bf000 	C:\Windows\SYSTEM32\dwrite.dll
0x000001e89ede0000 - 0x000001e89ee5f000 	C:\Windows\System32\bcryptPrimitives.dll
0x00007ffb6d910000 - 0x00007ffb6d91c000 	D:\Program Files\Java\jdk-17.0.4.1\bin\vcruntime140_1.dll
0x00007ffb58000000 - 0x00007ffb5808d000 	D:\Program Files\Java\jdk-17.0.4.1\bin\msvcp140.dll
0x00007ffb018e0000 - 0x00007ffb024a2000 	D:\Program Files\Java\jdk-17.0.4.1\bin\server\jvm.dll
0x00007ffb71410000 - 0x00007ffb71418000 	C:\Windows\System32\PSAPI.DLL
0x00007ffb6cae0000 - 0x00007ffb6cae9000 	C:\Windows\SYSTEM32\WSOCK32.dll
0x00007ffb721d0000 - 0x00007ffb7223f000 	C:\Windows\System32\WS2_32.dll
0x00007ffb68cd0000 - 0x00007ffb68d03000 	C:\Windows\SYSTEM32\WINMM.dll
0x00007ffb6f6c0000 - 0x00007ffb6f6d8000 	C:\Windows\SYSTEM32\kernel.appcore.dll
0x00007ffb6d8c0000 - 0x00007ffb6d8ca000 	D:\Program Files\Java\jdk-17.0.4.1\bin\jimage.dll
0x00007ffb66460000 - 0x00007ffb66681000 	C:\Windows\SYSTEM32\DBGHELP.DLL
0x00007ffb66210000 - 0x00007ffb66241000 	C:\Windows\SYSTEM32\dbgcore.DLL
0x00007ffb65430000 - 0x00007ffb6543e000 	D:\Program Files\Java\jdk-17.0.4.1\bin\instrument.dll
0x00007ffb668d0000 - 0x00007ffb668f5000 	D:\Program Files\Java\jdk-17.0.4.1\bin\java.dll
0x00007ffb6c370000 - 0x00007ffb6c388000 	D:\Program Files\Java\jdk-17.0.4.1\bin\zip.dll
0x00007ffb54980000 - 0x00007ffb54a56000 	D:\Program Files\Java\jdk-17.0.4.1\bin\jsvml.dll
0x00007ffb72890000 - 0x00007ffb73055000 	C:\Windows\System32\SHELL32.dll
0x00007ffb6e640000 - 0x00007ffb6eea4000 	C:\Windows\SYSTEM32\windows.storage.dll
0x00007ffb714c0000 - 0x00007ffb71836000 	C:\Windows\System32\combase.dll
0x00007ffb6e4d0000 - 0x00007ffb6e637000 	C:\Windows\SYSTEM32\wintypes.dll
0x00007ffb727a0000 - 0x00007ffb7288a000 	C:\Windows\System32\SHCORE.dll
0x000001e89f6a0000 - 0x000001e89f6fd000 	C:\Windows\System32\shlwapi.dll
0x00007ffb70480000 - 0x00007ffb704a1000 	C:\Windows\SYSTEM32\profapi.dll
0x00007ffb668b0000 - 0x00007ffb668c9000 	D:\Program Files\Java\jdk-17.0.4.1\bin\net.dll
0x00007ffb68630000 - 0x00007ffb68743000 	C:\Windows\SYSTEM32\WINHTTP.dll
0x00007ffb6fb60000 - 0x00007ffb6fbc7000 	C:\Windows\system32\mswsock.dll
0x00007ffb65560000 - 0x00007ffb65576000 	D:\Program Files\Java\jdk-17.0.4.1\bin\nio.dll
0x00007ffb65400000 - 0x00007ffb6541a000 	D:\Program Files\JetBrains\IntelliJ IDEA 2022.2.2\bin\breakgen64.dll
0x00007ffb6f210000 - 0x00007ffb6f2f8000 	C:\Windows\SYSTEM32\DNSAPI.dll
0x00007ffb6f1e0000 - 0x00007ffb6f20d000 	C:\Windows\SYSTEM32\IPHLPAPI.DLL
0x00007ffb72240000 - 0x00007ffb72249000 	C:\Windows\System32\NSI.dll
0x00007ffb64760000 - 0x00007ffb6476a000 	C:\Windows\System32\rasadhlp.dll
0x00007ffb65ef0000 - 0x00007ffb65f72000 	C:\Windows\System32\fwpuclnt.dll
0x00007ffb63e60000 - 0x00007ffb63e69000 	D:\Program Files\Java\jdk-17.0.4.1\bin\management.dll
0x00007ffb63e50000 - 0x00007ffb63e5b000 	D:\Program Files\Java\jdk-17.0.4.1\bin\management_ext.dll
0x00007ffb6fdb0000 - 0x00007ffb6fdc8000 	C:\Windows\SYSTEM32\CRYPTSP.dll
0x00007ffb6f620000 - 0x00007ffb6f655000 	C:\Windows\system32\rsaenh.dll
0x00007ffb6fc60000 - 0x00007ffb6fc89000 	C:\Windows\SYSTEM32\USERENV.dll
0x00007ffb6ff30000 - 0x00007ffb6ff57000 	C:\Windows\SYSTEM32\bcrypt.dll
0x00007ffb6fdd0000 - 0x00007ffb6fddc000 	C:\Windows\SYSTEM32\CRYPTBASE.dll
0x00007ffb68820000 - 0x00007ffb68839000 	C:\Windows\SYSTEM32\dhcpcsvc6.DLL
0x00007ffb68ad0000 - 0x00007ffb68aee000 	C:\Windows\SYSTEM32\dhcpcsvc.DLL
0x00007ffb26140000 - 0x00007ffb26157000 	C:\Windows\system32\napinsp.dll
0x00007ffb26120000 - 0x00007ffb2613b000 	C:\Windows\system32\pnrpnsp.dll
0x00007ffb26100000 - 0x00007ffb26112000 	C:\Windows\System32\winrnr.dll
0x00007ffb66910000 - 0x00007ffb66925000 	C:\Windows\system32\wshbth.dll
0x00007ffb26860000 - 0x00007ffb2687f000 	C:\Windows\system32\nlansp_c.dll
0x00007ffb65530000 - 0x00007ffb65540000 	D:\Program Files\Java\jdk-17.0.4.1\bin\verify.dll

dbghelp: loaded successfully - version: 4.0.5 - missing functions: none
symbol engine: initialized successfully - sym options: 0x614 - pdb path: .;D:\Program Files\Java\jdk-17.0.4.1\bin;C:\Windows\SYSTEM32;C:\Windows\WinSxS\amd64_microsoft.windows.common-controls_6595b64144ccf1df_6.0.22000.120_none_9d947278b86cc467;C:\Program Files\MacType;D:\Program Files\Java\jdk-17.0.4.1\bin\server;D:\Program Files\JetBrains\IntelliJ IDEA 2022.2.2\bin

VM Arguments:
jvm_args: -javaagent:C:\Users\Dmitr\AppData\Local\JetBrains\IntelliJIdea2022.2\testAgent\intellij-coverage-agent-1.0.673.jar=C:\Users\Dmitr\AppData\Local\Temp\coverage1args -Didea.new.sampling.coverage=true -Dcoverage.ignore.private.constructor.util.class=true -XX:TieredStopAtLevel=1 -Dspring.output.ansi.enabled=always -Dcom.sun.management.jmxremote -Dspring.jmx.enabled=true -Dspring.liveBeansView.mbeanDomain -Dspring.application.admin.enabled=true -javaagent:D:\Program Files\JetBrains\IntelliJ IDEA 2022.2.2\lib\idea_rt.jar=51658:D:\Program Files\JetBrains\IntelliJ IDEA 2022.2.2\bin -Dfile.encoding=UTF-8 
java_command: com.example.springsecurityapplication.SpringSecurityApplication
java_class_path (initial): D:\\\SpringSecurityApplication (1)\SpringSecurityApplication\target\classes;C:\Users\Dmitr\.m2\repository\org\springframework\boot\spring-boot-starter-data-jpa\3.0.4\spring-boot-starter-data-jpa-3.0.4.jar;C:\Users\Dmitr\.m2\repository\org\springframework\boot\spring-boot-starter-aop\3.0.4\spring-boot-starter-aop-3.0.4.jar;C:\Users\Dmitr\.m2\repository\org\aspectj\aspectjweaver\1.9.19\aspectjweaver-1.9.19.jar;C:\Users\Dmitr\.m2\repository\org\springframework\boot\spring-boot-starter-jdbc\3.0.4\spring-boot-starter-jdbc-3.0.4.jar;C:\Users\Dmitr\.m2\repository\com\zaxxer\HikariCP\5.0.1\HikariCP-5.0.1.jar;C:\Users\Dmitr\.m2\repository\org\springframework\spring-jdbc\6.0.6\spring-jdbc-6.0.6.jar;C:\Users\Dmitr\.m2\repository\org\hibernate\orm\hibernate-core\6.1.7.Final\hibernate-core-6.1.7.Final.jar;C:\Users\Dmitr\.m2\repository\jakarta\persistence\jakarta.persistence-api\3.1.0\jakarta.persistence-api-3.1.0.jar;C:\Users\Dmitr\.m2\repository\jakarta\transaction\jakarta.transaction-api\2.0.1\jakarta.transaction-api-2.0.1.jar;C:\Users\Dmitr\.m2\repository\org\jboss\logging\jboss-logging\3.5.0.Final\jboss-logging-3.5.0.Final.jar;C:\Users\Dmitr\.m2\repository\org\hibernate\common\hibernate-commons-annotations\6.0.6.Final\hibernate-commons-annotations-6.0.6.Final.jar;C:\Users\Dmitr\.m2\repository\org\jboss\jandex\2.4.2.Final\jandex-2.4.2.Final.jar;C:\Users\Dmitr\.m2\repository\com\fasterxml\classmate\1.5.1\classmate-1.5.1.jar;C:\Users\Dmitr\.m2\repository\net\bytebuddy\byte-buddy\1.12.23\byte-buddy-1.12.23.jar;C:\Users\Dmitr\.m2\repository\org\glassfish\jaxb\jaxb-runtime\4.0.2\jaxb-runtime-4.0.2.jar;C:\Users\Dmitr\.m2\repository\org\glassfish\jaxb\jaxb-core\4.0.2\jaxb-core-4.0.2.jar;C:\Users\Dmitr\.m2\repository\org\eclipse\angus\angus-activation\2.0.0\angus-activation-2.0.0.jar;C:\Users\Dmitr\.m2\repository\org\glassfish\jaxb\txw2\4.0.2\txw2-4.0.2.jar;C:\Users\Dmitr\.m2\repository\com\sun\istack\istack-commons-runtime\4.1.1\istack-commons-ru
Launcher Type: SUN_STANDARD

[Global flags]
     intx CICompilerCount                          = 3                                         {product} {ergonomic}
     uint ConcGCThreads                            = 1                                         {product} {ergonomic}
     uint G1ConcRefinementThreads                  = 4                                         {product} {ergonomic}
   size_t G1HeapRegionSize                         = 1048576                                   {product} {ergonomic}
    uintx GCDrainStackTargetSize                   = 64                                        {product} {ergonomic}
   size_t InitialHeapSize                          = 134217728                                 {product} {ergonomic}
     bool ManagementServer                         = true                                      {product} {command line}
   size_t MarkStackSize                            = 4194304                                   {product} {ergonomic}
   size_t MaxHeapSize                              = 2122317824                                {product} {ergonomic}
   size_t MaxNewSize                               = 1272971264                                {product} {ergonomic}
   size_t MinHeapDeltaBytes                        = 1048576                                   {product} {ergonomic}
   size_t MinHeapSize                              = 8388608                                   {product} {ergonomic}
    uintx NonProfiledCodeHeapSize                  = 0                                      {pd product} {ergonomic}
     bool ProfileInterpreter                       = false                                  {pd product} {command line}
    uintx ProfiledCodeHeapSize                     = 0                                      {pd product} {ergonomic}
   size_t SoftMaxHeapSize                          = 2122317824                             {manageable} {ergonomic}
     intx TieredStopAtLevel                        = 1                                         {product} {command line}
     bool UseCompressedClassPointers               = true                           {product lp64_product} {ergonomic}
     bool UseCompressedOops                        = true                           {product lp64_product} {ergonomic}
     bool UseG1GC                                  = true                                      {product} {ergonomic}
     bool UseLargePagesIndividualAllocation        = false                                  {pd product} {ergonomic}

Logging:
Log output configuration:
 #0: stdout all=warning uptime,level,tags
 #1: stderr all=off uptime,level,tags

Environment Variables:
PATH=C:\Program Files\Common Files\Oracle\Java\javapath;C:\Program Files (x86)\NVIDIA Corporation\PhysX\Common;C:\Windows\system32;C:\Windows;C:\Windows\System32\Wbem;C:\Windows\System32\WindowsPowerShell\v1.0\;C:\Windows\System32\OpenSSH\;C:\Program Files\PuTTY\;C:\Program Files\dotnet\;D:\Program Files\nodejs\;C:\Users\Dmitr\AppData\Local\Microsoft\WindowsApps;C:\Users\Dmitr\AppData\Roaming\npm;C:\Users\Dmitr\AppData\Local\Programs\Microsoft VS Code\bin
USERNAME=Dmitr
OS=Windows_NT
PROCESSOR_IDENTIFIER=Intel64 Family 6 Model 42 Stepping 7, GenuineIntel



---------------  S Y S T E M  ---------------

OS:
 Windows 11 , 64 bit Build 22000 (10.0.22000.1880)
OS uptime: 3 days 8:49 hours

CPU: total 4 (initial active 4) (2 cores per cpu, 2 threads per core) family 6 model 42 stepping 7 microcode 0x2f, cx8, cmov, fxsr, ht, mmx, sse, sse2, sse3, ssse3, sse4.1, sse4.2, popcnt, tsc, tscinvbit, avx, aes, clmul, vzeroupper, clflush

Memory: 4k page, system-wide physical 8093M (487M free)
TotalPageFile size 16285M (AvailPageFile size 10M)
current process WorkingSet (physical memory assigned to process): 190M, peak: 190M
current process commit charge ("private bytes"): 253M, peak: 279M

vm_info: Java HotSpot(TM) 64-Bit Server VM (17.0.4.1+1-LTS-2) for windows-amd64 JRE (17.0.4.1+1-LTS-2), built on Aug 16 2022 18:32:06 by "mach5one" with MS VC++ 16.8 / 16.9 (VS2019)

END.
